\BOOKMARK [1][-]{section*.5}{\376\377\000M\000e\000t\000h\000o\000d}{}% 1
\BOOKMARK [2][-]{section*.6}{\376\377\000D\000a\000t\000a\000\040\000s\000t\000r\000u\000c\000t\000u\000r\000e}{section*.5}% 2
\BOOKMARK [3][-]{section*.7}{\376\377\000L\000o\000c\000a\000l\000\040\000p\000o\000l\000y\000n\000o\000m\000i\000a\000l\000\040\000r\000e\000g\000r\000e\000s\000s\000i\000o\000n}{section*.6}% 3
\BOOKMARK [3][-]{section*.9}{\376\377\000G\000a\000u\000s\000s\000i\000a\000n\000\040\000p\000r\000o\000c\000e\000s\000s\000\040\000r\000e\000g\000r\000e\000s\000s\000i\000o\000n}{section*.6}% 4
\BOOKMARK [3][-]{section*.11}{\376\377\000G\000e\000n\000e\000r\000a\000l\000i\000z\000e\000d\000\040\000a\000d\000d\000i\000t\000i\000v\000e\000\040\000m\000o\000d\000e\000l\000s}{section*.6}% 5
\BOOKMARK [3][-]{section*.13}{\376\377\000P\000a\000r\000a\000m\000e\000t\000r\000i\000c\000\040\000m\000o\000d\000e\000l\000s}{section*.6}% 6
\BOOKMARK [1][-]{section*.14}{\376\377\000S\000i\000m\000u\000l\000a\000t\000i\000o\000n}{}% 7
\BOOKMARK [2][-]{section*.15}{\376\377\000P\000r\000o\000b\000l\000e\000m}{section*.14}% 8
\BOOKMARK [2][-]{section*.16}{\376\377\000D\000e\000s\000i\000g\000n\000\040\000a\000n\000d\000\040\000H\000y\000p\000o\000t\000h\000e\000s\000e\000s}{section*.14}% 9
\BOOKMARK [2][-]{section*.18}{\376\377\000P\000r\000o\000c\000e\000d\000u\000r\000e}{section*.14}% 10
\BOOKMARK [2][-]{section*.19}{\376\377\000M\000o\000d\000e\000l\000\040\000e\000s\000t\000i\000m\000a\000t\000i\000o\000n}{section*.14}% 11
\BOOKMARK [2][-]{section*.20}{\376\377\000O\000u\000t\000c\000o\000m\000e\000\040\000m\000e\000a\000s\000u\000r\000e\000s}{section*.14}% 12
\BOOKMARK [3][-]{section*.21}{\376\377\000C\000a\000p\000t\000u\000r\000i\000n\000g\000\040\000t\000h\000e\000\040\000n\000o\000n\000-\000l\000i\000n\000e\000a\000r\000\040\000p\000r\000o\000c\000e\000s\000s}{section*.20}% 13
\BOOKMARK [3][-]{section*.22}{\376\377\000U\000n\000c\000e\000r\000t\000a\000i\000n\000t\000y\000\040\000q\000u\000a\000n\000t\000i\000f\000i\000c\000a\000t\000i\000o\000n}{section*.20}% 14
\BOOKMARK [2][-]{section*.23}{\376\377\000R\000e\000s\000u\000l\000t\000s\000\040\000\050\000T\000e\000m\000p\000l\000a\000t\000e\000\051}{section*.14}% 15
\BOOKMARK [3][-]{section*.24}{\376\377\000C\000a\000p\000t\000u\000r\000i\000n\000g\000\040\000t\000h\000e\000\040\000n\000o\000n\000-\000l\000i\000n\000e\000a\000r\000\040\000p\000r\000o\000c\000e\000s\000s}{section*.23}% 16
\BOOKMARK [3][-]{section*.28}{\376\377\000U\000n\000c\000e\000r\000t\000a\000i\000n\000t\000y\000\040\000q\000u\000a\000n\000t\000i\000f\000i\000c\000a\000t\000i\000o\000n}{section*.23}% 17
\BOOKMARK [1][-]{section*.30}{\376\377\000A\000n\000\040\000E\000m\000p\000i\000r\000i\000c\000a\000l\000\040\000E\000x\000a\000m\000p\000l\000e}{}% 18
\BOOKMARK [2][-]{section*.31}{\376\377\000S\000a\000m\000p\000l\000e\000\040\000a\000n\000d\000\040\000d\000a\000t\000a\000\040\000d\000e\000s\000c\000r\000i\000p\000t\000i\000o\000n}{section*.30}% 19
\BOOKMARK [2][-]{section*.32}{\376\377\000A\000n\000a\000l\000y\000s\000i\000s\000\040\000P\000l\000a\000n}{section*.30}% 20
\BOOKMARK [3][-]{section*.33}{\376\377\000E\000x\000p\000l\000o\000r\000a\000t\000o\000r\000t\000y\000\040\000i\000d\000i\000o\000g\000r\000a\000p\000h\000i\000c\000\040\000a\000n\000a\000l\000y\000s\000i\000s}{section*.32}% 21
\BOOKMARK [3][-]{section*.34}{\376\377\000M\000u\000l\000t\000i\000l\000e\000v\000e\000l\000\040\000a\000n\000a\000l\000y\000s\000i\000s}{section*.32}% 22
\BOOKMARK [3][-]{section*.35}{\376\377\000P\000a\000r\000a\000m\000e\000t\000r\000i\000c\000\040\000a\000n\000a\000l\000y\000s\000i\000s}{section*.32}% 23
\BOOKMARK [2][-]{section*.36}{\376\377\000R\000e\000s\000u\000l\000t\000s}{section*.30}% 24
\BOOKMARK [3][-]{section*.37}{\376\377\000E\000x\000p\000l\000o\000r\000a\000t\000o\000r\000t\000y\000\040\000i\000d\000i\000o\000g\000r\000a\000p\000h\000i\000c\000\040\000a\000n\000a\000l\000y\000s\000i\000s}{section*.36}% 25
\BOOKMARK [3][-]{section*.39}{\376\377\000M\000u\000l\000t\000i\000l\000e\000v\000e\000l\000\040\000a\000n\